<?xml version="1.0" encoding="UTF-8"?>
<!-- Generated by org.testng.reporters.JUnitReportReporter -->
<testsuite hostname="DESKTOP-105EU33" failures="0" tests="1" name="qa.testcases.LeavePageTest" time="5.372" errors="0" timestamp="2024-10-17T14:53:31 MST" skipped="0">
  <testcase classname="qa.testcases.LeavePageTest" name="verifyHeadingOnLeavePage" time="5.372"/>
</testsuite> <!-- qa.testcases.LeavePageTest -->
