<?xml version="1.0" encoding="UTF-8"?>
<!-- Generated by org.testng.reporters.JUnitReportReporter -->
<testsuite hostname="DESKTOP-105EU33" failures="0" tests="1" name="qa.testcases.LoginPageTest" time="6.450" errors="0" timestamp="2024-10-17T14:13:22 MST" skipped="0">
  <testcase classname="qa.testcases.LoginPageTest" name="loginAndVerifyHeadingOnHomePage" time="6.450"/>
</testsuite> <!-- qa.testcases.LoginPageTest -->
