<?xml version="1.0" encoding="UTF-8"?>
<!-- Generated by org.testng.reporters.JUnitReportReporter -->
<testsuite hostname="DESKTOP-105EU33" failures="0" tests="1" name="qa.testcases.HomePageTest" time="7.802" errors="0" timestamp="2024-09-20T18:05:11 MST" skipped="0">
  <testcase classname="qa.testcases.HomePageTest" name="SearchFunctionalityVaidation" time="7.802"/>
</testsuite> <!-- qa.testcases.HomePageTest -->
